<?xml version="1.0" encoding="UTF-8"?>
<robot generator="Robot 4.1.2 (Python 3.10.0 on win32)" generated="20211108 14:59:30.096" rpa="false" schemaversion="2">
<suite id="s1" name="Test" source="C:\qaninja\robot\test.robot">
<test id="s1-t1" name="Deve retornar mensagem de boas vindas">
<kw name="Welcome" library="app">
<var>${result}</var>
<arg>Aline</arg>
<msg timestamp="20211108 14:59:30.158" level="INFO">${result} = Olá Aline, bem vinda ao Curso básico de Robot Framework!</msg>
<status status="PASS" starttime="20211108 14:59:30.158" endtime="20211108 14:59:30.158"/>
</kw>
<kw name="Should Be Equal" library="BuiltIn">
<arg>${result}</arg>
<arg>Olá Aline, bem vinda ao Curso básico de Robot Framework!</arg>
<doc>Fails if the given objects are unequal.</doc>
<status status="PASS" starttime="20211108 14:59:30.158" endtime="20211108 14:59:30.158"/>
</kw>
<status status="PASS" starttime="20211108 14:59:30.158" endtime="20211108 14:59:30.174"/>
</test>
<status status="PASS" starttime="20211108 14:59:30.096" endtime="20211108 14:59:30.174"/>
</suite>
<statistics>
<total>
<stat pass="1" fail="0" skip="0">All Tests</stat>
</total>
<tag>
</tag>
<suite>
<stat pass="1" fail="0" skip="0" id="s1" name="Test">Test</stat>
</suite>
</statistics>
<errors>
</errors>
</robot>
